Using pre-set license
Built from '2020.3/staging' branch; Version is '2020.3.24f1 (79c78de19888) revision 7980941'; Using compiler version '192528614'; Build Type 'Release'
OS: 'Windows 11  (10.0.22000) 64bit Professional' Language: 'pl' Physical Memory: 15286 MB
BatchMode: 1, IsHumanControllingUs: 0, StartBugReporterOnCrash: 0, Is64bit: 1, IsPro: 0

COMMAND LINE ARGUMENTS:
C:\Program Files\Unity\Hub\Editor\2020.3.24f1\Editor\Unity.exe
-adb2
-batchMode
-noUpm
-name
AssetImportWorker0
-projectPath
C:/Users/zbysz/OneDrive/Pulpit/WSEI/Semestr 3/Silniki gier/HOTProject
-logFile
Logs/AssetImportWorker0.log
-srvPort
60140
Successfully changed project path to: C:/Users/zbysz/OneDrive/Pulpit/WSEI/Semestr 3/Silniki gier/HOTProject
C:/Users/zbysz/OneDrive/Pulpit/WSEI/Semestr 3/Silniki gier/HOTProject
Using Asset Import Pipeline V2.
Refreshing native plugins compatible for Editor in 79.10 ms, found 3 plugins.
Preloading 0 native plugins for Editor in 0.00 ms.
Initialize engine version: 2020.3.24f1 (79c78de19888)
[Subsystems] Discovering subsystems at path C:/Program Files/Unity/Hub/Editor/2020.3.24f1/Editor/Data/Resources/UnitySubsystems
[Subsystems] Discovering subsystems at path C:/Users/zbysz/OneDrive/Pulpit/WSEI/Semestr 3/Silniki gier/HOTProject/Assets
GfxDevice: creating device client; threaded=0
Direct3D:
    Version:  Direct3D 11.0 [level 11.1]
    Renderer: NVIDIA GeForce GTX 960 (ID=0x1401)
    Vendor:   
    VRAM:     4053 MB
    Driver:   30.0.15.1179
Initialize mono
Mono path[0] = 'C:/Program Files/Unity/Hub/Editor/2020.3.24f1/Editor/Data/Managed'
Mono path[1] = 'C:/Program Files/Unity/Hub/Editor/2020.3.24f1/Editor/Data/MonoBleedingEdge/lib/mono/unityjit'
Mono config path = 'C:/Program Files/Unity/Hub/Editor/2020.3.24f1/Editor/Data/MonoBleedingEdge/etc'
Using monoOptions --debugger-agent=transport=dt_socket,embedding=1,server=y,suspend=n,address=127.0.0.1:56576
Begin MonoManager ReloadAssembly
Registering precompiled unity dll's ...
Register platform support module: C:/Program Files/Unity/Hub/Editor/2020.3.24f1/Editor/Data/PlaybackEngines/WindowsStandaloneSupport/UnityEditor.WindowsStandalone.Extensions.dll
Registered in 0.002215 seconds.
Native extension for WindowsStandalone target not found
Refreshing native plugins compatible for Editor in 66.23 ms, found 3 plugins.
Preloading 0 native plugins for Editor in 0.00 ms.
Mono: successfully reloaded assembly
- Completed reload, in  0.819 seconds
Domain Reload Profiling:
	ReloadAssembly (819ms)
		BeginReloadAssembly (64ms)
			ExecutionOrderSort (0ms)
			DisableScriptedObjects (0ms)
			BackupInstance (0ms)
			ReleaseScriptingObjects (0ms)
			CreateAndSetChildDomain (1ms)
		EndReloadAssembly (649ms)
			LoadAssemblies (61ms)
			RebuildTransferFunctionScriptingTraits (0ms)
			SetupTypeCache (210ms)
			ReleaseScriptCaches (0ms)
			RebuildScriptCaches (42ms)
			SetupLoadedEditorAssemblies (249ms)
				LogAssemblyErrors (0ms)
				InitializePlatformSupportModulesInManaged (7ms)
				SetLoadedEditorAssemblies (1ms)
				RefreshPlugins (66ms)
				BeforeProcessingInitializeOnLoad (10ms)
				ProcessInitializeOnLoadAttributes (125ms)
				ProcessInitializeOnLoadMethodAttributes (40ms)
				AfterProcessingInitializeOnLoad (0ms)
				EditorAssembliesLoaded (0ms)
			ExecutionOrderSort2 (0ms)
			AwakeInstancesAfterBackupRestoration (0ms)
Platform modules already initialized, skipping
Registering precompiled user dll's ...
Registered in 0.005487 seconds.
Begin MonoManager ReloadAssembly
Native extension for WindowsStandalone target not found
Refreshing native plugins compatible for Editor in 64.05 ms, found 3 plugins.
Preloading 0 native plugins for Editor in 0.00 ms.
Mono: successfully reloaded assembly
- Completed reload, in  1.517 seconds
Domain Reload Profiling:
	ReloadAssembly (1518ms)
		BeginReloadAssembly (181ms)
			ExecutionOrderSort (0ms)
			DisableScriptedObjects (7ms)
			BackupInstance (0ms)
			ReleaseScriptingObjects (0ms)
			CreateAndSetChildDomain (24ms)
		EndReloadAssembly (1259ms)
			LoadAssemblies (108ms)
			RebuildTransferFunctionScriptingTraits (0ms)
			SetupTypeCache (465ms)
			ReleaseScriptCaches (1ms)
			RebuildScriptCaches (67ms)
			SetupLoadedEditorAssemblies (443ms)
				LogAssemblyErrors (0ms)
				InitializePlatformSupportModulesInManaged (5ms)
				SetLoadedEditorAssemblies (0ms)
				RefreshPlugins (64ms)
				BeforeProcessingInitializeOnLoad (85ms)
				ProcessInitializeOnLoadAttributes (261ms)
				ProcessInitializeOnLoadMethodAttributes (21ms)
				AfterProcessingInitializeOnLoad (6ms)
				EditorAssembliesLoaded (0ms)
			ExecutionOrderSort2 (0ms)
			AwakeInstancesAfterBackupRestoration (8ms)
Platform modules already initialized, skipping
========================================================================
Worker process is ready to serve import requests
Launched and connected shader compiler UnityShaderCompiler.exe after 0.10 seconds
Refreshing native plugins compatible for Editor in 0.75 ms, found 3 plugins.
Preloading 0 native plugins for Editor in 0.00 ms.
Unloading 2257 Unused Serialized files (Serialized files now loaded: 0)
System memory in use before: 99.9 MB.
System memory in use after: 100.0 MB.

Unloading 27 unused Assets to reduce memory usage. Loaded Objects now: 2694.
Total: 4.389900 ms (FindLiveObjects: 0.444800 ms CreateObjectMapping: 0.205400 ms MarkObjects: 3.690500 ms  DeleteObjects: 0.047600 ms)

AssetImportParameters requested are different than current active one (requested -> active):
  custom:framework-win-MediaFoundation: 216162199b28c13a410421893ffa2e32 -> 
  custom:video-decoder-ogg-theora: a1e56fd34408186e4bbccfd4996cb3dc -> 
  custom:container-muxer-webm: aa71ff27fc2769a1b78a27578f13a17b -> 
  custom:container-demuxer-webm: 4f35f7cbe854078d1ac9338744f61a02 -> 
  custom:container-demuxer-ogg: 62fdf1f143b41e24485cea50d1cbac27 -> 
  custom:video-encoder-webm-vp8: eb34c28f22e8b96e1ab97ce403110664 -> 
  custom:video-decoder-webm-vp8: 9c59270c3fd7afecdb556c50c9e8de78 -> 
  custom:audio-decoder-ogg-vorbis: bf7c407c2cedff20999df2af8eb42d56 -> 
  custom:audio-encoder-webm-vorbis: bf7c407c2cedff20999df2af8eb42d56 -> 
========================================================================
Received Import Request.
  path: Assets/TextMesh Pro/Examples & Extras/Textures/Mask Zig-n-Zag.psd
  artifactKey: Guid(bb8dfcd263ad4eb383a33d74a720be6f) Importer(815301076,1909f56bfc062723c751e8b465ee728b)
Start importing Assets/TextMesh Pro/Examples & Extras/Textures/Mask Zig-n-Zag.psd using Guid(bb8dfcd263ad4eb383a33d74a720be6f) Importer(815301076,1909f56bfc062723c751e8b465ee728b)  -> (artifact id: 'dd3ba540b7f225a41987c4ebbe198b5a') in 0.104826 seconds 
  Import took 0.110417 seconds .

========================================================================
Received Import Request.
  Time since last request: 0.000240 seconds.
  path: Assets/TextMesh Pro/Examples & Extras/Sprites/Default Sprites.png
  artifactKey: Guid(a0fc465d6cf04254a2938578735e2383) Importer(815301076,1909f56bfc062723c751e8b465ee728b)
Start importing Assets/TextMesh Pro/Examples & Extras/Sprites/Default Sprites.png using Guid(a0fc465d6cf04254a2938578735e2383) Importer(815301076,1909f56bfc062723c751e8b465ee728b)  -> (artifact id: '8a33629ad0103a376de0b297307e9ba4') in 0.035759 seconds 
  Import took 0.040957 seconds .

========================================================================
Received Import Request.
  Time since last request: 0.000251 seconds.
  path: Assets/TextMesh Pro/Examples & Extras/Textures/Brushed Metal 3.jpg
  artifactKey: Guid(f88677df267a41d6be1e7a6133e7d227) Importer(815301076,1909f56bfc062723c751e8b465ee728b)
Start importing Assets/TextMesh Pro/Examples & Extras/Textures/Brushed Metal 3.jpg using Guid(f88677df267a41d6be1e7a6133e7d227) Importer(815301076,1909f56bfc062723c751e8b465ee728b)  -> (artifact id: '4840aca3da85459ad29731c942d57661') in 0.031276 seconds 
  Import took 0.039007 seconds .

========================================================================
Received Import Request.
  Time since last request: 0.000202 seconds.
  path: Assets/2d Free Pixel Art Realistic Crystals Pack/Sprites/128x128/Top_View/Lilac.png
  artifactKey: Guid(a67ac5c05b4131044a33e706c2cca4d5) Importer(815301076,1909f56bfc062723c751e8b465ee728b)
Start importing Assets/2d Free Pixel Art Realistic Crystals Pack/Sprites/128x128/Top_View/Lilac.png using Guid(a67ac5c05b4131044a33e706c2cca4d5) Importer(815301076,1909f56bfc062723c751e8b465ee728b)  -> (artifact id: '2c58fbe53335067fc33a347adfa99db1') in 0.073540 seconds 
  Import took 0.078143 seconds .

========================================================================
Received Import Request.
  Time since last request: 0.000204 seconds.
  path: Assets/TextMesh Pro/Examples & Extras/Textures/Gradient Vertical (Color).jpg
  artifactKey: Guid(03d0538de6e24c0f819bfc9ce084dfa9) Importer(815301076,1909f56bfc062723c751e8b465ee728b)
Start importing Assets/TextMesh Pro/Examples & Extras/Textures/Gradient Vertical (Color).jpg using Guid(03d0538de6e24c0f819bfc9ce084dfa9) Importer(815301076,1909f56bfc062723c751e8b465ee728b)  -> (artifact id: '6c390d672696c941c403ccbeca197220') in 0.031810 seconds 
  Import took 0.036836 seconds .

========================================================================
Received Import Request.
  Time since last request: 0.000175 seconds.
  path: Assets/2d Free Pixel Art Realistic Crystals Pack/Sprites/128x128/Top_View/Brown.png
  artifactKey: Guid(980510ec89aa59d48a25c395e4bb5ecb) Importer(815301076,1909f56bfc062723c751e8b465ee728b)
Start importing Assets/2d Free Pixel Art Realistic Crystals Pack/Sprites/128x128/Top_View/Brown.png using Guid(980510ec89aa59d48a25c395e4bb5ecb) Importer(815301076,1909f56bfc062723c751e8b465ee728b)  -> (artifact id: '366949f58aae78274b4b73cc2856d428') in 0.034908 seconds 
  Import took 0.039259 seconds .

========================================================================
Received Import Request.
  Time since last request: 0.000182 seconds.
  path: Assets/TextMesh Pro/Examples & Extras/Textures/Gradient Horizontal (Color).jpg
  artifactKey: Guid(6eb184de103d4b3f812b38561065192f) Importer(815301076,1909f56bfc062723c751e8b465ee728b)
Start importing Assets/TextMesh Pro/Examples & Extras/Textures/Gradient Horizontal (Color).jpg using Guid(6eb184de103d4b3f812b38561065192f) Importer(815301076,1909f56bfc062723c751e8b465ee728b)  -> (artifact id: 'bf3e0c964b6d18246db8b74c61a0e2ed') in 0.027448 seconds 
  Import took 0.031271 seconds .

========================================================================
Received Import Request.
  Time since last request: 0.000163 seconds.
  path: Assets/TextMesh Pro/Examples & Extras/Textures/Gradient Diagonal (Color).jpg
  artifactKey: Guid(2ce5c55e85304b819a1826ecbc839aa5) Importer(815301076,1909f56bfc062723c751e8b465ee728b)
Start importing Assets/TextMesh Pro/Examples & Extras/Textures/Gradient Diagonal (Color).jpg using Guid(2ce5c55e85304b819a1826ecbc839aa5) Importer(815301076,1909f56bfc062723c751e8b465ee728b)  -> (artifact id: '96c6ce930e9af133b9bafe8787262f4d') in 0.026873 seconds 
  Import took 0.031918 seconds .

========================================================================
Received Import Request.
  Time since last request: 0.000411 seconds.
  path: Assets/2d Free Pixel Art Realistic Crystals Pack/Sprites/128x128/Top_View/Dark_Blue.png
  artifactKey: Guid(53e54ae94a7ae1c49ad8dd9abc5cfd34) Importer(815301076,1909f56bfc062723c751e8b465ee728b)
Start importing Assets/2d Free Pixel Art Realistic Crystals Pack/Sprites/128x128/Top_View/Dark_Blue.png using Guid(53e54ae94a7ae1c49ad8dd9abc5cfd34) Importer(815301076,1909f56bfc062723c751e8b465ee728b)  -> (artifact id: '0733e882a4254ca39d48413e8c58d9b6') in 0.029823 seconds 
  Import took 0.034459 seconds .

========================================================================
Received Import Request.
  Time since last request: 0.000185 seconds.
  path: Assets/2d Free Pixel Art Realistic Crystals Pack/Sprites/128x128/Front_View/lilac.png
  artifactKey: Guid(c28b47251834360458f6e37aab7164ef) Importer(815301076,1909f56bfc062723c751e8b465ee728b)
Start importing Assets/2d Free Pixel Art Realistic Crystals Pack/Sprites/128x128/Front_View/lilac.png using Guid(c28b47251834360458f6e37aab7164ef) Importer(815301076,1909f56bfc062723c751e8b465ee728b)  -> (artifact id: 'f7053c1edce5f56894e13fb0cb441e96') in 0.033935 seconds 
  Import took 0.037981 seconds .

========================================================================
Received Import Request.
  Time since last request: 0.000183 seconds.
  path: Assets/TextMesh Pro/Examples & Extras/Sprites/DropCap Numbers.psd
  artifactKey: Guid(fd09957580ac4326916010f1f260975b) Importer(815301076,1909f56bfc062723c751e8b465ee728b)
Start importing Assets/TextMesh Pro/Examples & Extras/Sprites/DropCap Numbers.psd using Guid(fd09957580ac4326916010f1f260975b) Importer(815301076,1909f56bfc062723c751e8b465ee728b)  -> (artifact id: 'c2c765973889385d49ff9595a230a8f3') in 0.037602 seconds 
  Import took 0.042170 seconds .

========================================================================
Received Import Request.
  Time since last request: 0.000173 seconds.
  path: Assets/2d Free Pixel Art Realistic Crystals Pack/Sprites/128x128/Front_View/Dark_Blue.png
  artifactKey: Guid(75e8585518097c24ab7146c0a641e5ca) Importer(815301076,1909f56bfc062723c751e8b465ee728b)
Start importing Assets/2d Free Pixel Art Realistic Crystals Pack/Sprites/128x128/Front_View/Dark_Blue.png using Guid(75e8585518097c24ab7146c0a641e5ca) Importer(815301076,1909f56bfc062723c751e8b465ee728b)  -> (artifact id: '9b5874fceb91594b598d0d3c7aaa5ccf') in 0.030421 seconds 
  Import took 0.034947 seconds .

========================================================================
Received Import Request.
  Time since last request: 0.000192 seconds.
  path: Assets/TextMesh Pro/Sprites/EmojiOne.png
  artifactKey: Guid(dffef66376be4fa480fb02b19edbe903) Importer(815301076,1909f56bfc062723c751e8b465ee728b)
Start importing Assets/TextMesh Pro/Sprites/EmojiOne.png using Guid(dffef66376be4fa480fb02b19edbe903) Importer(815301076,1909f56bfc062723c751e8b465ee728b)  -> (artifact id: 'd78a27303d38c5bc73b55289faa0930d') in 0.021020 seconds 
  Import took 0.026810 seconds .

========================================================================
Received Import Request.
  Time since last request: 0.000342 seconds.
  path: Assets/TextMesh Pro/Resources/Fonts & Materials/LiberationSans SDF - Fallback.asset
  artifactKey: Guid(2e498d1c8094910479dc3e1b768306a4) Importer(815301076,1909f56bfc062723c751e8b465ee728b)
Start importing Assets/TextMesh Pro/Resources/Fonts & Materials/LiberationSans SDF - Fallback.asset using Guid(2e498d1c8094910479dc3e1b768306a4) Importer(815301076,1909f56bfc062723c751e8b465ee728b)  -> (artifact id: '268cf435ea801286218584e1601ed797') in 0.129798 seconds 
  Import took 0.136045 seconds .

========================================================================
Received Import Request.
  Time since last request: 0.000224 seconds.
  path: Assets/2d Free Pixel Art Realistic Crystals Pack/Sprites/128x128/Bonus/pink.png
  artifactKey: Guid(81e4dede82da58448bd98c832441ab07) Importer(815301076,1909f56bfc062723c751e8b465ee728b)
Start importing Assets/2d Free Pixel Art Realistic Crystals Pack/Sprites/128x128/Bonus/pink.png using Guid(81e4dede82da58448bd98c832441ab07) Importer(815301076,1909f56bfc062723c751e8b465ee728b)  -> (artifact id: 'f772222bc512eb554474d2a87706a1e9') in 0.031186 seconds 
  Import took 0.035796 seconds .

========================================================================
Received Import Request.
  Time since last request: 0.000186 seconds.
  path: Assets/2d Free Pixel Art Realistic Crystals Pack/Sprites/128x128/Front_View/pink.png
  artifactKey: Guid(775fc7f3c11d09f488fd165460e5f93f) Importer(815301076,1909f56bfc062723c751e8b465ee728b)
Start importing Assets/2d Free Pixel Art Realistic Crystals Pack/Sprites/128x128/Front_View/pink.png using Guid(775fc7f3c11d09f488fd165460e5f93f) Importer(815301076,1909f56bfc062723c751e8b465ee728b)  -> (artifact id: '42fa664518f7aa8bab3b656fd2efb3b2') in 0.040509 seconds 
  Import took 0.044587 seconds .

========================================================================
Received Import Request.
  Time since last request: 0.000267 seconds.
  path: Assets/2d Free Pixel Art Realistic Crystals Pack/Sprites/128x128/Top_View/Orange.png
  artifactKey: Guid(81206bd18f145d4429c9bcc77dc40bde) Importer(815301076,1909f56bfc062723c751e8b465ee728b)
Start importing Assets/2d Free Pixel Art Realistic Crystals Pack/Sprites/128x128/Top_View/Orange.png using Guid(81206bd18f145d4429c9bcc77dc40bde) Importer(815301076,1909f56bfc062723c751e8b465ee728b)  -> (artifact id: '48f8ee91fab0533b4be7b84774011893') in 0.039138 seconds 
  Import took 0.044464 seconds .

========================================================================
Received Import Request.
  Time since last request: 0.000197 seconds.
  path: Assets/2d Free Pixel Art Realistic Crystals Pack/Sprites/128x128/Front_View/Orange.png
  artifactKey: Guid(4ca352003c623494d9d50309a7c885c2) Importer(815301076,1909f56bfc062723c751e8b465ee728b)
Start importing Assets/2d Free Pixel Art Realistic Crystals Pack/Sprites/128x128/Front_View/Orange.png using Guid(4ca352003c623494d9d50309a7c885c2) Importer(815301076,1909f56bfc062723c751e8b465ee728b)  -> (artifact id: 'c3821ad74577dcdc2e2915cd87cd1cac') in 0.040827 seconds 
  Import took 0.045060 seconds .

========================================================================
Received Import Request.
  Time since last request: 0.000195 seconds.
  path: Assets/2d Free Pixel Art Realistic Crystals Pack/Sprites/128x128/Top_View/Emerald.png
  artifactKey: Guid(bce4d03b5168af846aa6e763bf2fdaa1) Importer(815301076,1909f56bfc062723c751e8b465ee728b)
Start importing Assets/2d Free Pixel Art Realistic Crystals Pack/Sprites/128x128/Top_View/Emerald.png using Guid(bce4d03b5168af846aa6e763bf2fdaa1) Importer(815301076,1909f56bfc062723c751e8b465ee728b)  -> (artifact id: 'bcc7f5a3fd0714a39d9bdba27481f6b6') in 0.049069 seconds 
  Import took 0.055428 seconds .

========================================================================
Received Import Request.
  Time since last request: 0.000254 seconds.
  path: Assets/2d Free Pixel Art Realistic Crystals Pack/Sprites/128x128/Bonus/light_violet.png
  artifactKey: Guid(ec9bde2a2de5c3945b2916def1c93721) Importer(815301076,1909f56bfc062723c751e8b465ee728b)
Start importing Assets/2d Free Pixel Art Realistic Crystals Pack/Sprites/128x128/Bonus/light_violet.png using Guid(ec9bde2a2de5c3945b2916def1c93721) Importer(815301076,1909f56bfc062723c751e8b465ee728b)  -> (artifact id: '1b131cb3664b99d82441ddb0a63c9cdd') in 0.036736 seconds 
  Import took 0.042250 seconds .

========================================================================
Received Import Request.
  Time since last request: 0.000191 seconds.
  path: Assets/2d Free Pixel Art Realistic Crystals Pack/Sprites/128x128/Top_View/Green.png
  artifactKey: Guid(fc7b0bdb24c6a6e4992d799df295eeef) Importer(815301076,1909f56bfc062723c751e8b465ee728b)
Start importing Assets/2d Free Pixel Art Realistic Crystals Pack/Sprites/128x128/Top_View/Green.png using Guid(fc7b0bdb24c6a6e4992d799df295eeef) Importer(815301076,1909f56bfc062723c751e8b465ee728b)  -> (artifact id: 'fbb77f0a3bf6ba72e182df8c05297f87') in 0.038855 seconds 
  Import took 0.043054 seconds .

========================================================================
Received Import Request.
  Time since last request: 0.000191 seconds.
  path: Assets/2d Free Pixel Art Realistic Crystals Pack/Sprites/128x128/Top_View/Blue.png
  artifactKey: Guid(b5f167dd4bf49384b897db5388f1b04d) Importer(815301076,1909f56bfc062723c751e8b465ee728b)
Start importing Assets/2d Free Pixel Art Realistic Crystals Pack/Sprites/128x128/Top_View/Blue.png using Guid(b5f167dd4bf49384b897db5388f1b04d) Importer(815301076,1909f56bfc062723c751e8b465ee728b)  -> (artifact id: 'ba77e3549e619836f07105eb064f467e') in 0.038567 seconds 
  Import took 0.043528 seconds .

========================================================================
Received Import Request.
  Time since last request: 0.000221 seconds.
  path: Assets/2d Free Pixel Art Realistic Crystals Pack/Sprites/128x128/Top_View/Aquamarin.png
  artifactKey: Guid(95f5da73d2e27934589e6f9e1c8137ab) Importer(815301076,1909f56bfc062723c751e8b465ee728b)
Start importing Assets/2d Free Pixel Art Realistic Crystals Pack/Sprites/128x128/Top_View/Aquamarin.png using Guid(95f5da73d2e27934589e6f9e1c8137ab) Importer(815301076,1909f56bfc062723c751e8b465ee728b)  -> (artifact id: '5f0d8cac9f65a21a0ef96dfab5a4afe3') in 0.037682 seconds 
  Import took 0.042355 seconds .

========================================================================
Received Import Request.
  Time since last request: 0.000201 seconds.
  path: Assets/TextMesh Pro/Examples & Extras/Textures/Fruit Jelly (B&W).jpg
  artifactKey: Guid(1cdc5b506b1a4a33a53c30669ced1f51) Importer(815301076,1909f56bfc062723c751e8b465ee728b)
Start importing Assets/TextMesh Pro/Examples & Extras/Textures/Fruit Jelly (B&W).jpg using Guid(1cdc5b506b1a4a33a53c30669ced1f51) Importer(815301076,1909f56bfc062723c751e8b465ee728b)  -> (artifact id: '8f35fe619262576d87a7be15bf20aa41') in 0.030023 seconds 
  Import took 0.034040 seconds .

========================================================================
Received Import Request.
  Time since last request: 0.000236 seconds.
  path: Assets/2d Free Pixel Art Realistic Crystals Pack/Sprites/128x128/Front_View/emerald.png
  artifactKey: Guid(fe1703bda0505ee4fabbaae91bb5cf0f) Importer(815301076,1909f56bfc062723c751e8b465ee728b)
Start importing Assets/2d Free Pixel Art Realistic Crystals Pack/Sprites/128x128/Front_View/emerald.png using Guid(fe1703bda0505ee4fabbaae91bb5cf0f) Importer(815301076,1909f56bfc062723c751e8b465ee728b)  -> (artifact id: '733661e4f7e4a6d29ff04af90594f905') in 0.034582 seconds 
  Import took 0.039418 seconds .

========================================================================
Received Import Request.
  Time since last request: 0.000225 seconds.
  path: Assets/2d Free Pixel Art Realistic Crystals Pack/Sprites/128x128/Front_View/Light_Blue.png
  artifactKey: Guid(691656c7661f3b54383f77f71c5db03b) Importer(815301076,1909f56bfc062723c751e8b465ee728b)
Start importing Assets/2d Free Pixel Art Realistic Crystals Pack/Sprites/128x128/Front_View/Light_Blue.png using Guid(691656c7661f3b54383f77f71c5db03b) Importer(815301076,1909f56bfc062723c751e8b465ee728b)  -> (artifact id: 'e1967fd2ac67c4f36ef92c4d72ff6668') in 0.032233 seconds 
  Import took 0.039203 seconds .

========================================================================
Received Import Request.
  Time since last request: 0.000201 seconds.
  path: Assets/2d Free Pixel Art Realistic Crystals Pack/Sprites/128x128/Front_View/green.png
  artifactKey: Guid(588aa030ec55dda499ef43aeee2877bd) Importer(815301076,1909f56bfc062723c751e8b465ee728b)
Start importing Assets/2d Free Pixel Art Realistic Crystals Pack/Sprites/128x128/Front_View/green.png using Guid(588aa030ec55dda499ef43aeee2877bd) Importer(815301076,1909f56bfc062723c751e8b465ee728b)  -> (artifact id: 'e92d3e79a9625fb7adae2e13fe398fb2') in 0.031568 seconds 
  Import took 0.036175 seconds .

========================================================================
Received Import Request.
  Time since last request: 0.000179 seconds.
  path: Assets/2d Free Pixel Art Realistic Crystals Pack/Sprites/128x128/Front_View/blue.png
  artifactKey: Guid(cad2b17c88b848c4d9ded10e70dce0b7) Importer(815301076,1909f56bfc062723c751e8b465ee728b)
Start importing Assets/2d Free Pixel Art Realistic Crystals Pack/Sprites/128x128/Front_View/blue.png using Guid(cad2b17c88b848c4d9ded10e70dce0b7) Importer(815301076,1909f56bfc062723c751e8b465ee728b)  -> (artifact id: '8e25ccb46b87b28a4efd2ac31d766ee8') in 0.025916 seconds 
  Import took 0.030342 seconds .

========================================================================
Received Import Request.
  Time since last request: 0.000184 seconds.
  path: Assets/TextMesh Pro/Examples & Extras/Resources/Fonts & Materials/Oswald Bold SDF.asset
  artifactKey: Guid(0161d805a3764c089bef00bfe00793f5) Importer(815301076,1909f56bfc062723c751e8b465ee728b)
Start importing Assets/TextMesh Pro/Examples & Extras/Resources/Fonts & Materials/Oswald Bold SDF.asset using Guid(0161d805a3764c089bef00bfe00793f5) Importer(815301076,1909f56bfc062723c751e8b465ee728b)  -> (artifact id: 'd214e28bdeb8e7d744101e38a9ef9c0f') in 0.040086 seconds 
  Import took 0.044742 seconds .

========================================================================
Received Import Request.
  Time since last request: 0.000201 seconds.
  path: Assets/Prototype Hero Demo - Pixel Art/Sprites/Dust.png
  artifactKey: Guid(197dc101be73bc64ebf9c4837ee28a15) Importer(815301076,1909f56bfc062723c751e8b465ee728b)
Start importing Assets/Prototype Hero Demo - Pixel Art/Sprites/Dust.png using Guid(197dc101be73bc64ebf9c4837ee28a15) Importer(815301076,1909f56bfc062723c751e8b465ee728b)  -> (artifact id: '96cfba77e0178c1fa37277f6ef4407ba') in 0.059659 seconds 
  Import took 0.064150 seconds .

========================================================================
Received Import Request.
  Time since last request: 0.000206 seconds.
  path: Assets/TextMesh Pro/Examples & Extras/Textures/Floor Cement.jpg
  artifactKey: Guid(283f897e4925411ebbaa758b4cb13fc2) Importer(815301076,1909f56bfc062723c751e8b465ee728b)
Start importing Assets/TextMesh Pro/Examples & Extras/Textures/Floor Cement.jpg using Guid(283f897e4925411ebbaa758b4cb13fc2) Importer(815301076,1909f56bfc062723c751e8b465ee728b)  -> (artifact id: '70f05136bc122160115891ab6f9ed828') in 0.028361 seconds 
  Import took 0.032191 seconds .

========================================================================
Received Import Request.
  Time since last request: 1.076162 seconds.
  path: Assets/2d Free Pixel Art Realistic Crystals Pack/Sprites/128x128/Front_View/purple.png
  artifactKey: Guid(a858c22b0a4d3f54fbc1d0442b7a9312) Importer(815301076,1909f56bfc062723c751e8b465ee728b)
Start importing Assets/2d Free Pixel Art Realistic Crystals Pack/Sprites/128x128/Front_View/purple.png using Guid(a858c22b0a4d3f54fbc1d0442b7a9312) Importer(815301076,1909f56bfc062723c751e8b465ee728b)  -> (artifact id: '257725cfa6d93db769879b19f2efe313') in 0.031238 seconds 
  Import took 0.037901 seconds .

========================================================================
Received Import Request.
  Time since last request: 0.000228 seconds.
  path: Assets/2d Free Pixel Art Realistic Crystals Pack/Sprites/128x128/Top_View/Purple.png
  artifactKey: Guid(e4f0090e0558a074ead661f9555260ee) Importer(815301076,1909f56bfc062723c751e8b465ee728b)
Start importing Assets/2d Free Pixel Art Realistic Crystals Pack/Sprites/128x128/Top_View/Purple.png using Guid(e4f0090e0558a074ead661f9555260ee) Importer(815301076,1909f56bfc062723c751e8b465ee728b)  -> (artifact id: '131b6c64b1a6d68bb136710fe3528381') in 0.045326 seconds 
  Import took 0.050084 seconds .

========================================================================
Received Import Request.
  Time since last request: 0.161784 seconds.
  path: Assets/2d Free Pixel Art Realistic Crystals Pack/Sprites/128x128/Top_View/Red.png
  artifactKey: Guid(f6e834b8e0f64c94b86c04a9a2eb7f90) Importer(815301076,1909f56bfc062723c751e8b465ee728b)
Start importing Assets/2d Free Pixel Art Realistic Crystals Pack/Sprites/128x128/Top_View/Red.png using Guid(f6e834b8e0f64c94b86c04a9a2eb7f90) Importer(815301076,1909f56bfc062723c751e8b465ee728b)  -> (artifact id: 'bfb301e5a07031bbaad02d688b8fb2e5') in 0.029117 seconds 
  Import took 0.035169 seconds .

========================================================================
Received Import Request.
  Time since last request: 0.000229 seconds.
  path: Assets/TextMesh Pro/Examples & Extras/Textures/Small Crate_normal.jpg
  artifactKey: Guid(8878a782f4334ecbbcf683b3ac780966) Importer(815301076,1909f56bfc062723c751e8b465ee728b)
Start importing Assets/TextMesh Pro/Examples & Extras/Textures/Small Crate_normal.jpg using Guid(8878a782f4334ecbbcf683b3ac780966) Importer(815301076,1909f56bfc062723c751e8b465ee728b)  -> (artifact id: '4b609c283513169fbc0b5f763d29850a') in 0.052732 seconds 
  Import took 0.058760 seconds .

========================================================================
Received Import Request.
  Time since last request: 0.000189 seconds.
  path: Assets/2d Free Pixel Art Realistic Crystals Pack/Sprites/128x128/Front_View/Red.png
  artifactKey: Guid(a0adfc2dd3325fd4dbe8adfad86e7260) Importer(815301076,1909f56bfc062723c751e8b465ee728b)
Start importing Assets/2d Free Pixel Art Realistic Crystals Pack/Sprites/128x128/Front_View/Red.png using Guid(a0adfc2dd3325fd4dbe8adfad86e7260) Importer(815301076,1909f56bfc062723c751e8b465ee728b)  -> (artifact id: 'c095d1654a7af002f8b0f83349c64c1e') in 0.037688 seconds 
  Import took 0.044196 seconds .

========================================================================
Received Import Request.
  Time since last request: 0.000237 seconds.
  path: Assets/TextMesh Pro/Examples & Extras/Textures/Small Crate_diffuse.jpg
  artifactKey: Guid(602cb87b6a29443b8636370ea0751574) Importer(815301076,1909f56bfc062723c751e8b465ee728b)
Start importing Assets/TextMesh Pro/Examples & Extras/Textures/Small Crate_diffuse.jpg using Guid(602cb87b6a29443b8636370ea0751574) Importer(815301076,1909f56bfc062723c751e8b465ee728b)  -> (artifact id: 'f80be13996b320adad6eb2a84d02c950') in 0.041853 seconds 
  Import took 0.046598 seconds .

========================================================================
Received Import Request.
  Time since last request: 0.000467 seconds.
  path: Assets/TextMesh Pro/Examples & Extras/Textures/Wipe Pattern - Radial Quad.psd
  artifactKey: Guid(2b5e9ae96c5644d8bae932f8b4ca68a2) Importer(815301076,1909f56bfc062723c751e8b465ee728b)
Start importing Assets/TextMesh Pro/Examples & Extras/Textures/Wipe Pattern - Radial Quad.psd using Guid(2b5e9ae96c5644d8bae932f8b4ca68a2) Importer(815301076,1909f56bfc062723c751e8b465ee728b)  -> (artifact id: 'b9848f9c9bb63b24194b059074798de3') in 0.033518 seconds 
  Import took 0.038479 seconds .

========================================================================
Received Import Request.
  Time since last request: 0.000918 seconds.
  path: Assets/TextMesh Pro/Examples & Extras/Textures/Wipe Pattern - Circle.psd
  artifactKey: Guid(10c49fcd9c64421db7c0133e61e55f97) Importer(815301076,1909f56bfc062723c751e8b465ee728b)
Start importing Assets/TextMesh Pro/Examples & Extras/Textures/Wipe Pattern - Circle.psd using Guid(10c49fcd9c64421db7c0133e61e55f97) Importer(815301076,1909f56bfc062723c751e8b465ee728b)  -> (artifact id: '433e0c9d28d88043c9124ea57aa57812') in 0.031242 seconds 
  Import took 0.037191 seconds .

========================================================================
Received Import Request.
  Time since last request: 0.000275 seconds.
  path: Assets/2d Free Pixel Art Realistic Crystals Pack/Sprites/128x128/Top_View/Yellow.png
  artifactKey: Guid(9905b439cfdab734381a48991d7488f1) Importer(815301076,1909f56bfc062723c751e8b465ee728b)
Start importing Assets/2d Free Pixel Art Realistic Crystals Pack/Sprites/128x128/Top_View/Yellow.png using Guid(9905b439cfdab734381a48991d7488f1) Importer(815301076,1909f56bfc062723c751e8b465ee728b)  -> (artifact id: '0f7131691f85d28bc73547be510ce392') in 0.043939 seconds 
  Import took 0.048863 seconds .

========================================================================
Received Import Request.
  Time since last request: 0.000426 seconds.
  path: Assets/TextMesh Pro/Examples & Extras/Textures/Sunny Days - Seamless.jpg
  artifactKey: Guid(17c350171f7a3ca479f830547c66d187) Importer(815301076,1909f56bfc062723c751e8b465ee728b)
Start importing Assets/TextMesh Pro/Examples & Extras/Textures/Sunny Days - Seamless.jpg using Guid(17c350171f7a3ca479f830547c66d187) Importer(815301076,1909f56bfc062723c751e8b465ee728b)  -> (artifact id: 'afb92d2137c33c3d67aafdf56daa70ed') in 0.028874 seconds 
  Import took 0.036909 seconds .

========================================================================
Received Import Request.
  Time since last request: 0.000515 seconds.
  path: Assets/TextMesh Pro/Examples & Extras/Textures/Wipe Pattern - Diagonal.psd
  artifactKey: Guid(ed5290d8df18488780e2996b9b882f01) Importer(815301076,1909f56bfc062723c751e8b465ee728b)
Start importing Assets/TextMesh Pro/Examples & Extras/Textures/Wipe Pattern - Diagonal.psd using Guid(ed5290d8df18488780e2996b9b882f01) Importer(815301076,1909f56bfc062723c751e8b465ee728b)  -> (artifact id: '856a6a32c85ce441b2c1b9b4a7368781') in 0.032271 seconds 
  Import took 0.042470 seconds .

========================================================================
Received Import Request.
  Time since last request: 0.000209 seconds.
  path: Assets/2d Free Pixel Art Realistic Crystals Pack/Sprites/128x128/Front_View/yellow.png
  artifactKey: Guid(8e35fa855a2903146bfedf0597b0cf4d) Importer(815301076,1909f56bfc062723c751e8b465ee728b)
Start importing Assets/2d Free Pixel Art Realistic Crystals Pack/Sprites/128x128/Front_View/yellow.png using Guid(8e35fa855a2903146bfedf0597b0cf4d) Importer(815301076,1909f56bfc062723c751e8b465ee728b)  -> (artifact id: 'f3737cfc2049156d276b3c38274c1ca0') in 0.040111 seconds 
  Import took 0.046552 seconds .

========================================================================
Received Import Request.
  Time since last request: 0.000172 seconds.
  path: Assets/2d Free Pixel Art Realistic Crystals Pack/Sprites/128x128/Bonus/violet.png
  artifactKey: Guid(4a7cdb60454cffd47b2090bc8524645d) Importer(815301076,1909f56bfc062723c751e8b465ee728b)
Start importing Assets/2d Free Pixel Art Realistic Crystals Pack/Sprites/128x128/Bonus/violet.png using Guid(4a7cdb60454cffd47b2090bc8524645d) Importer(815301076,1909f56bfc062723c751e8b465ee728b)  -> (artifact id: 'a1e7b842a24597559c8a03d79a957d1b') in 0.039132 seconds 
  Import took 0.043173 seconds .

========================================================================
Received Import Request.
  Time since last request: 0.000186 seconds.
  path: Assets/TextMesh Pro/Examples & Extras/Resources/Fonts & Materials/Roboto-Bold SDF.asset
  artifactKey: Guid(5302535af1044152a457ed104f1f4b91) Importer(815301076,1909f56bfc062723c751e8b465ee728b)
Start importing Assets/TextMesh Pro/Examples & Extras/Resources/Fonts & Materials/Roboto-Bold SDF.asset using Guid(5302535af1044152a457ed104f1f4b91) Importer(815301076,1909f56bfc062723c751e8b465ee728b)  -> (artifact id: 'bfb93c09ad45f6e656fb1966a95741fa') in 0.049481 seconds 
  Import took 0.053974 seconds .

========================================================================
Received Import Request.
  Time since last request: 0.000172 seconds.
  path: Assets/TextMesh Pro/Examples & Extras/Textures/Wipe Pattern - Radial Double.psd
  artifactKey: Guid(7631f4eff8f74ed38eb3eb9db17134e1) Importer(815301076,1909f56bfc062723c751e8b465ee728b)
Start importing Assets/TextMesh Pro/Examples & Extras/Textures/Wipe Pattern - Radial Double.psd using Guid(7631f4eff8f74ed38eb3eb9db17134e1) Importer(815301076,1909f56bfc062723c751e8b465ee728b)  -> (artifact id: '06f3f22f9b0c2e09daf4bff7dd464515') in 0.032378 seconds 
  Import took 0.038000 seconds .

========================================================================
Received Import Request.
  Time since last request: 31.983805 seconds.
  path: Assets/Brutal 2D Adventure Mega Pack
  artifactKey: Guid(9aac50b0c5c6499439d13959c5a3a772) Importer(815301076,1909f56bfc062723c751e8b465ee728b)
Start importing Assets/Brutal 2D Adventure Mega Pack using Guid(9aac50b0c5c6499439d13959c5a3a772) Importer(815301076,1909f56bfc062723c751e8b465ee728b)  -> (artifact id: 'ef9b0c8ab06125c29561874a34309066') in 0.010162 seconds 
  Import took 0.017802 seconds .

========================================================================
Received Prepare
Refreshing native plugins compatible for Editor in 5.29 ms, found 3 plugins.
Preloading 0 native plugins for Editor in 0.00 ms.
Unloading 15 Unused Serialized files (Serialized files now loaded: 0)
System memory in use before: 58.4 MB.
System memory in use after: 58.6 MB.

Unloading 15 unused Assets to reduce memory usage. Loaded Objects now: 2746.
Total: 6.039300 ms (FindLiveObjects: 0.366900 ms CreateObjectMapping: 0.243700 ms MarkObjects: 5.402300 ms  DeleteObjects: 0.024700 ms)

AssetImportParameters requested are different than current active one (requested -> active):
  custom:framework-win-MediaFoundation: 216162199b28c13a410421893ffa2e32 -> 
  custom:video-decoder-ogg-theora: a1e56fd34408186e4bbccfd4996cb3dc -> 
  custom:container-muxer-webm: aa71ff27fc2769a1b78a27578f13a17b -> 
  custom:container-demuxer-webm: 4f35f7cbe854078d1ac9338744f61a02 -> 
  custom:container-demuxer-ogg: 62fdf1f143b41e24485cea50d1cbac27 -> 
  custom:video-encoder-webm-vp8: eb34c28f22e8b96e1ab97ce403110664 -> 
  custom:video-decoder-webm-vp8: 9c59270c3fd7afecdb556c50c9e8de78 -> 
  custom:audio-decoder-ogg-vorbis: bf7c407c2cedff20999df2af8eb42d56 -> 
  custom:audio-encoder-webm-vorbis: bf7c407c2cedff20999df2af8eb42d56 -> 
========================================================================
Received Prepare
Registering precompiled user dll's ...
Registered in 0.005302 seconds.
Begin MonoManager ReloadAssembly
Native extension for WindowsStandalone target not found
Refreshing native plugins compatible for Editor in 0.65 ms, found 3 plugins.
Preloading 0 native plugins for Editor in 0.00 ms.
Mono: successfully reloaded assembly
- Completed reload, in  1.366 seconds
Domain Reload Profiling:
	ReloadAssembly (1367ms)
		BeginReloadAssembly (148ms)
			ExecutionOrderSort (0ms)
			DisableScriptedObjects (8ms)
			BackupInstance (0ms)
			ReleaseScriptingObjects (0ms)
			CreateAndSetChildDomain (54ms)
		EndReloadAssembly (1140ms)
			LoadAssemblies (115ms)
			RebuildTransferFunctionScriptingTraits (0ms)
			SetupTypeCache (423ms)
			ReleaseScriptCaches (1ms)
			RebuildScriptCaches (57ms)
			SetupLoadedEditorAssemblies (398ms)
				LogAssemblyErrors (0ms)
				InitializePlatformSupportModulesInManaged (8ms)
				SetLoadedEditorAssemblies (1ms)
				RefreshPlugins (1ms)
				BeforeProcessingInitializeOnLoad (85ms)
				ProcessInitializeOnLoadAttributes (282ms)
				ProcessInitializeOnLoadMethodAttributes (15ms)
				AfterProcessingInitializeOnLoad (7ms)
				EditorAssembliesLoaded (0ms)
			ExecutionOrderSort2 (0ms)
			AwakeInstancesAfterBackupRestoration (12ms)
Platform modules already initialized, skipping
Refreshing native plugins compatible for Editor in 0.65 ms, found 3 plugins.
Preloading 0 native plugins for Editor in 0.00 ms.
Unloading 2233 Unused Serialized files (Serialized files now loaded: 0)
System memory in use before: 101.6 MB.
System memory in use after: 101.8 MB.

Unloading 17 unused Assets to reduce memory usage. Loaded Objects now: 2748.
Total: 3.771000 ms (FindLiveObjects: 0.309600 ms CreateObjectMapping: 0.206200 ms MarkObjects: 3.231000 ms  DeleteObjects: 0.022300 ms)

AssetImportParameters requested are different than current active one (requested -> active):
  custom:framework-win-MediaFoundation: 216162199b28c13a410421893ffa2e32 -> 
  custom:video-decoder-ogg-theora: a1e56fd34408186e4bbccfd4996cb3dc -> 
  custom:container-muxer-webm: aa71ff27fc2769a1b78a27578f13a17b -> 
  custom:container-demuxer-webm: 4f35f7cbe854078d1ac9338744f61a02 -> 
  custom:container-demuxer-ogg: 62fdf1f143b41e24485cea50d1cbac27 -> 
  custom:video-encoder-webm-vp8: eb34c28f22e8b96e1ab97ce403110664 -> 
  custom:video-decoder-webm-vp8: 9c59270c3fd7afecdb556c50c9e8de78 -> 
  custom:audio-decoder-ogg-vorbis: bf7c407c2cedff20999df2af8eb42d56 -> 
  custom:audio-encoder-webm-vorbis: bf7c407c2cedff20999df2af8eb42d56 -> 
========================================================================
Received Prepare
Refreshing native plugins compatible for Editor in 9.48 ms, found 3 plugins.
Preloading 0 native plugins for Editor in 0.00 ms.
Unloading 15 Unused Serialized files (Serialized files now loaded: 0)
System memory in use before: 57.8 MB.
System memory in use after: 58.0 MB.

Unloading 15 unused Assets to reduce memory usage. Loaded Objects now: 2748.
Total: 7.472700 ms (FindLiveObjects: 0.234600 ms CreateObjectMapping: 0.110800 ms MarkObjects: 7.102100 ms  DeleteObjects: 0.023500 ms)

AssetImportParameters requested are different than current active one (requested -> active):
  custom:framework-win-MediaFoundation: 216162199b28c13a410421893ffa2e32 -> 
  custom:video-decoder-ogg-theora: a1e56fd34408186e4bbccfd4996cb3dc -> 
  custom:container-muxer-webm: aa71ff27fc2769a1b78a27578f13a17b -> 
  custom:container-demuxer-webm: 4f35f7cbe854078d1ac9338744f61a02 -> 
  custom:container-demuxer-ogg: 62fdf1f143b41e24485cea50d1cbac27 -> 
  custom:video-encoder-webm-vp8: eb34c28f22e8b96e1ab97ce403110664 -> 
  custom:video-decoder-webm-vp8: 9c59270c3fd7afecdb556c50c9e8de78 -> 
  custom:audio-decoder-ogg-vorbis: bf7c407c2cedff20999df2af8eb42d56 -> 
  custom:audio-encoder-webm-vorbis: bf7c407c2cedff20999df2af8eb42d56 -> 
========================================================================
Received Prepare
Refreshing native plugins compatible for Editor in 10.35 ms, found 3 plugins.
Preloading 0 native plugins for Editor in 0.00 ms.
Unloading 15 Unused Serialized files (Serialized files now loaded: 0)
System memory in use before: 57.8 MB.
System memory in use after: 58.0 MB.

Unloading 15 unused Assets to reduce memory usage. Loaded Objects now: 2748.
Total: 18.718800 ms (FindLiveObjects: 0.267400 ms CreateObjectMapping: 0.235800 ms MarkObjects: 18.191000 ms  DeleteObjects: 0.022700 ms)

AssetImportParameters requested are different than current active one (requested -> active):
  custom:framework-win-MediaFoundation: 216162199b28c13a410421893ffa2e32 -> 
  custom:video-decoder-ogg-theora: a1e56fd34408186e4bbccfd4996cb3dc -> 
  custom:container-muxer-webm: aa71ff27fc2769a1b78a27578f13a17b -> 
  custom:container-demuxer-webm: 4f35f7cbe854078d1ac9338744f61a02 -> 
  custom:container-demuxer-ogg: 62fdf1f143b41e24485cea50d1cbac27 -> 
  custom:video-encoder-webm-vp8: eb34c28f22e8b96e1ab97ce403110664 -> 
  custom:video-decoder-webm-vp8: 9c59270c3fd7afecdb556c50c9e8de78 -> 
  custom:audio-decoder-ogg-vorbis: bf7c407c2cedff20999df2af8eb42d56 -> 
  custom:audio-encoder-webm-vorbis: bf7c407c2cedff20999df2af8eb42d56 -> 
========================================================================
Received Prepare
Refreshing native plugins compatible for Editor in 5.39 ms, found 3 plugins.
Preloading 0 native plugins for Editor in 0.00 ms.
Unloading 15 Unused Serialized files (Serialized files now loaded: 0)
System memory in use before: 57.8 MB.
System memory in use after: 58.0 MB.

Unloading 15 unused Assets to reduce memory usage. Loaded Objects now: 2748.
Total: 4.632600 ms (FindLiveObjects: 0.242800 ms CreateObjectMapping: 0.107700 ms MarkObjects: 4.254200 ms  DeleteObjects: 0.026200 ms)

AssetImportParameters requested are different than current active one (requested -> active):
  custom:framework-win-MediaFoundation: 216162199b28c13a410421893ffa2e32 -> 
  custom:video-decoder-ogg-theora: a1e56fd34408186e4bbccfd4996cb3dc -> 
  custom:container-muxer-webm: aa71ff27fc2769a1b78a27578f13a17b -> 
  custom:container-demuxer-webm: 4f35f7cbe854078d1ac9338744f61a02 -> 
  custom:container-demuxer-ogg: 62fdf1f143b41e24485cea50d1cbac27 -> 
  custom:video-encoder-webm-vp8: eb34c28f22e8b96e1ab97ce403110664 -> 
  custom:video-decoder-webm-vp8: 9c59270c3fd7afecdb556c50c9e8de78 -> 
  custom:audio-decoder-ogg-vorbis: bf7c407c2cedff20999df2af8eb42d56 -> 
  custom:audio-encoder-webm-vorbis: bf7c407c2cedff20999df2af8eb42d56 -> 
========================================================================
Received Prepare
Refreshing native plugins compatible for Editor in 5.34 ms, found 3 plugins.
Preloading 0 native plugins for Editor in 0.00 ms.
Unloading 15 Unused Serialized files (Serialized files now loaded: 0)
System memory in use before: 57.8 MB.
System memory in use after: 58.0 MB.

Unloading 15 unused Assets to reduce memory usage. Loaded Objects now: 2748.
Total: 5.464900 ms (FindLiveObjects: 0.309900 ms CreateObjectMapping: 0.205700 ms MarkObjects: 4.922600 ms  DeleteObjects: 0.025100 ms)

AssetImportParameters requested are different than current active one (requested -> active):
  custom:framework-win-MediaFoundation: 216162199b28c13a410421893ffa2e32 -> 
  custom:video-decoder-ogg-theora: a1e56fd34408186e4bbccfd4996cb3dc -> 
  custom:container-muxer-webm: aa71ff27fc2769a1b78a27578f13a17b -> 
  custom:container-demuxer-webm: 4f35f7cbe854078d1ac9338744f61a02 -> 
  custom:container-demuxer-ogg: 62fdf1f143b41e24485cea50d1cbac27 -> 
  custom:video-encoder-webm-vp8: eb34c28f22e8b96e1ab97ce403110664 -> 
  custom:video-decoder-webm-vp8: 9c59270c3fd7afecdb556c50c9e8de78 -> 
  custom:audio-decoder-ogg-vorbis: bf7c407c2cedff20999df2af8eb42d56 -> 
  custom:audio-encoder-webm-vorbis: bf7c407c2cedff20999df2af8eb42d56 -> 
========================================================================
Received Prepare
Registering precompiled user dll's ...
Registered in 0.007533 seconds.
Begin MonoManager ReloadAssembly
Native extension for WindowsStandalone target not found
Refreshing native plugins compatible for Editor in 0.60 ms, found 3 plugins.
Preloading 0 native plugins for Editor in 0.00 ms.
Mono: successfully reloaded assembly
- Completed reload, in  1.581 seconds
Domain Reload Profiling:
	ReloadAssembly (1582ms)
		BeginReloadAssembly (173ms)
			ExecutionOrderSort (0ms)
			DisableScriptedObjects (11ms)
			BackupInstance (0ms)
			ReleaseScriptingObjects (0ms)
			CreateAndSetChildDomain (62ms)
		EndReloadAssembly (1322ms)
			LoadAssemblies (153ms)
			RebuildTransferFunctionScriptingTraits (4ms)
			SetupTypeCache (505ms)
			ReleaseScriptCaches (1ms)
			RebuildScriptCaches (67ms)
			SetupLoadedEditorAssemblies (421ms)
				LogAssemblyErrors (0ms)
				InitializePlatformSupportModulesInManaged (7ms)
				SetLoadedEditorAssemblies (1ms)
				RefreshPlugins (1ms)
				BeforeProcessingInitializeOnLoad (81ms)
				ProcessInitializeOnLoadAttributes (310ms)
				ProcessInitializeOnLoadMethodAttributes (15ms)
				AfterProcessingInitializeOnLoad (7ms)
				EditorAssembliesLoaded (0ms)
			ExecutionOrderSort2 (0ms)
			AwakeInstancesAfterBackupRestoration (17ms)
Platform modules already initialized, skipping
Refreshing native plugins compatible for Editor in 0.59 ms, found 3 plugins.
Preloading 0 native plugins for Editor in 0.00 ms.
Unloading 2233 Unused Serialized files (Serialized files now loaded: 0)
System memory in use before: 101.7 MB.
System memory in use after: 101.9 MB.

Unloading 17 unused Assets to reduce memory usage. Loaded Objects now: 2750.
Total: 3.754600 ms (FindLiveObjects: 0.296700 ms CreateObjectMapping: 0.203500 ms MarkObjects: 3.228900 ms  DeleteObjects: 0.024000 ms)

AssetImportParameters requested are different than current active one (requested -> active):
  custom:framework-win-MediaFoundation: 216162199b28c13a410421893ffa2e32 -> 
  custom:video-decoder-ogg-theora: a1e56fd34408186e4bbccfd4996cb3dc -> 
  custom:container-muxer-webm: aa71ff27fc2769a1b78a27578f13a17b -> 
  custom:container-demuxer-webm: 4f35f7cbe854078d1ac9338744f61a02 -> 
  custom:container-demuxer-ogg: 62fdf1f143b41e24485cea50d1cbac27 -> 
  custom:video-encoder-webm-vp8: eb34c28f22e8b96e1ab97ce403110664 -> 
  custom:video-decoder-webm-vp8: 9c59270c3fd7afecdb556c50c9e8de78 -> 
  custom:audio-decoder-ogg-vorbis: bf7c407c2cedff20999df2af8eb42d56 -> 
  custom:audio-encoder-webm-vorbis: bf7c407c2cedff20999df2af8eb42d56 -> 
========================================================================
Received Prepare
Registering precompiled user dll's ...
Registered in 0.005491 seconds.
Begin MonoManager ReloadAssembly
Native extension for WindowsStandalone target not found
Refreshing native plugins compatible for Editor in 0.74 ms, found 3 plugins.
Preloading 0 native plugins for Editor in 0.00 ms.
Mono: successfully reloaded assembly
- Completed reload, in  1.812 seconds
Domain Reload Profiling:
	ReloadAssembly (1813ms)
		BeginReloadAssembly (158ms)
			ExecutionOrderSort (0ms)
			DisableScriptedObjects (11ms)
			BackupInstance (0ms)
			ReleaseScriptingObjects (0ms)
			CreateAndSetChildDomain (48ms)
		EndReloadAssembly (1510ms)
			LoadAssemblies (138ms)
			RebuildTransferFunctionScriptingTraits (0ms)
			SetupTypeCache (618ms)
			ReleaseScriptCaches (1ms)
			RebuildScriptCaches (68ms)
			SetupLoadedEditorAssemblies (485ms)
				LogAssemblyErrors (0ms)
				InitializePlatformSupportModulesInManaged (9ms)
				SetLoadedEditorAssemblies (2ms)
				RefreshPlugins (1ms)
				BeforeProcessingInitializeOnLoad (130ms)
				ProcessInitializeOnLoadAttributes (311ms)
				ProcessInitializeOnLoadMethodAttributes (22ms)
				AfterProcessingInitializeOnLoad (10ms)
				EditorAssembliesLoaded (0ms)
			ExecutionOrderSort2 (0ms)
			AwakeInstancesAfterBackupRestoration (17ms)
Platform modules already initialized, skipping
Refreshing native plugins compatible for Editor in 0.64 ms, found 3 plugins.
Preloading 0 native plugins for Editor in 0.00 ms.
Unloading 2233 Unused Serialized files (Serialized files now loaded: 0)
System memory in use before: 101.7 MB.
System memory in use after: 101.9 MB.

Unloading 17 unused Assets to reduce memory usage. Loaded Objects now: 2752.
Total: 6.724500 ms (FindLiveObjects: 0.696800 ms CreateObjectMapping: 0.614900 ms MarkObjects: 5.374700 ms  DeleteObjects: 0.030400 ms)

AssetImportParameters requested are different than current active one (requested -> active):
  custom:framework-win-MediaFoundation: 216162199b28c13a410421893ffa2e32 -> 
  custom:video-decoder-ogg-theora: a1e56fd34408186e4bbccfd4996cb3dc -> 
  custom:container-muxer-webm: aa71ff27fc2769a1b78a27578f13a17b -> 
  custom:container-demuxer-webm: 4f35f7cbe854078d1ac9338744f61a02 -> 
  custom:container-demuxer-ogg: 62fdf1f143b41e24485cea50d1cbac27 -> 
  custom:video-encoder-webm-vp8: eb34c28f22e8b96e1ab97ce403110664 -> 
  custom:video-decoder-webm-vp8: 9c59270c3fd7afecdb556c50c9e8de78 -> 
  custom:audio-decoder-ogg-vorbis: bf7c407c2cedff20999df2af8eb42d56 -> 
  custom:audio-encoder-webm-vorbis: bf7c407c2cedff20999df2af8eb42d56 -> 
========================================================================
Received Prepare
Refreshing native plugins compatible for Editor in 7.38 ms, found 3 plugins.
Preloading 0 native plugins for Editor in 0.00 ms.
Unloading 15 Unused Serialized files (Serialized files now loaded: 0)
System memory in use before: 57.9 MB.
System memory in use after: 58.1 MB.

Unloading 15 unused Assets to reduce memory usage. Loaded Objects now: 2752.
Total: 4.312400 ms (FindLiveObjects: 0.321000 ms CreateObjectMapping: 0.311000 ms MarkObjects: 3.651300 ms  DeleteObjects: 0.027800 ms)

AssetImportParameters requested are different than current active one (requested -> active):
  custom:framework-win-MediaFoundation: 216162199b28c13a410421893ffa2e32 -> 
  custom:video-decoder-ogg-theora: a1e56fd34408186e4bbccfd4996cb3dc -> 
  custom:container-muxer-webm: aa71ff27fc2769a1b78a27578f13a17b -> 
  custom:container-demuxer-webm: 4f35f7cbe854078d1ac9338744f61a02 -> 
  custom:container-demuxer-ogg: 62fdf1f143b41e24485cea50d1cbac27 -> 
  custom:video-encoder-webm-vp8: eb34c28f22e8b96e1ab97ce403110664 -> 
  custom:video-decoder-webm-vp8: 9c59270c3fd7afecdb556c50c9e8de78 -> 
  custom:audio-decoder-ogg-vorbis: bf7c407c2cedff20999df2af8eb42d56 -> 
  custom:audio-encoder-webm-vorbis: bf7c407c2cedff20999df2af8eb42d56 -> 
========================================================================
Received Prepare
Registering precompiled user dll's ...
Registered in 0.005316 seconds.
Begin MonoManager ReloadAssembly
Native extension for WindowsStandalone target not found
Refreshing native plugins compatible for Editor in 0.59 ms, found 3 plugins.
Preloading 0 native plugins for Editor in 0.00 ms.
Mono: successfully reloaded assembly
- Completed reload, in  1.381 seconds
Domain Reload Profiling:
	ReloadAssembly (1382ms)
		BeginReloadAssembly (135ms)
			ExecutionOrderSort (0ms)
			DisableScriptedObjects (9ms)
			BackupInstance (0ms)
			ReleaseScriptingObjects (0ms)
			CreateAndSetChildDomain (47ms)
		EndReloadAssembly (1164ms)
			LoadAssemblies (113ms)
			RebuildTransferFunctionScriptingTraits (0ms)
			SetupTypeCache (433ms)
			ReleaseScriptCaches (2ms)
			RebuildScriptCaches (58ms)
			SetupLoadedEditorAssemblies (381ms)
				LogAssemblyErrors (0ms)
				InitializePlatformSupportModulesInManaged (7ms)
				SetLoadedEditorAssemblies (1ms)
				RefreshPlugins (1ms)
				BeforeProcessingInitializeOnLoad (76ms)
				ProcessInitializeOnLoadAttributes (275ms)
				ProcessInitializeOnLoadMethodAttributes (15ms)
				AfterProcessingInitializeOnLoad (7ms)
				EditorAssembliesLoaded (0ms)
			ExecutionOrderSort2 (0ms)
			AwakeInstancesAfterBackupRestoration (13ms)
Platform modules already initialized, skipping
Refreshing native plugins compatible for Editor in 0.90 ms, found 3 plugins.
Preloading 0 native plugins for Editor in 0.00 ms.
Unloading 2233 Unused Serialized files (Serialized files now loaded: 0)
System memory in use before: 101.7 MB.
System memory in use after: 101.9 MB.

Unloading 17 unused Assets to reduce memory usage. Loaded Objects now: 2754.
Total: 4.387700 ms (FindLiveObjects: 0.334900 ms CreateObjectMapping: 0.500900 ms MarkObjects: 3.512800 ms  DeleteObjects: 0.037500 ms)

AssetImportParameters requested are different than current active one (requested -> active):
  custom:framework-win-MediaFoundation: 216162199b28c13a410421893ffa2e32 -> 
  custom:video-decoder-ogg-theora: a1e56fd34408186e4bbccfd4996cb3dc -> 
  custom:container-muxer-webm: aa71ff27fc2769a1b78a27578f13a17b -> 
  custom:container-demuxer-webm: 4f35f7cbe854078d1ac9338744f61a02 -> 
  custom:container-demuxer-ogg: 62fdf1f143b41e24485cea50d1cbac27 -> 
  custom:video-encoder-webm-vp8: eb34c28f22e8b96e1ab97ce403110664 -> 
  custom:video-decoder-webm-vp8: 9c59270c3fd7afecdb556c50c9e8de78 -> 
  custom:audio-decoder-ogg-vorbis: bf7c407c2cedff20999df2af8eb42d56 -> 
  custom:audio-encoder-webm-vorbis: bf7c407c2cedff20999df2af8eb42d56 -> 
========================================================================
Received Prepare
Registering precompiled user dll's ...
Registered in 0.005863 seconds.
Begin MonoManager ReloadAssembly
Native extension for WindowsStandalone target not found
Refreshing native plugins compatible for Editor in 0.64 ms, found 3 plugins.
Preloading 0 native plugins for Editor in 0.00 ms.
Mono: successfully reloaded assembly
- Completed reload, in  1.558 seconds
Domain Reload Profiling:
	ReloadAssembly (1559ms)
		BeginReloadAssembly (162ms)
			ExecutionOrderSort (0ms)
			DisableScriptedObjects (8ms)
			BackupInstance (0ms)
			ReleaseScriptingObjects (0ms)
			CreateAndSetChildDomain (43ms)
		EndReloadAssembly (1273ms)
			LoadAssemblies (144ms)
			RebuildTransferFunctionScriptingTraits (0ms)
			SetupTypeCache (463ms)
			ReleaseScriptCaches (2ms)
			RebuildScriptCaches (113ms)
			SetupLoadedEditorAssemblies (433ms)
				LogAssemblyErrors (0ms)
				InitializePlatformSupportModulesInManaged (5ms)
				SetLoadedEditorAssemblies (1ms)
				RefreshPlugins (1ms)
				BeforeProcessingInitializeOnLoad (74ms)
				ProcessInitializeOnLoadAttributes (332ms)
				ProcessInitializeOnLoadMethodAttributes (14ms)
				AfterProcessingInitializeOnLoad (6ms)
				EditorAssembliesLoaded (0ms)
			ExecutionOrderSort2 (0ms)
			AwakeInstancesAfterBackupRestoration (11ms)
Platform modules already initialized, skipping
Refreshing native plugins compatible for Editor in 0.70 ms, found 3 plugins.
Preloading 0 native plugins for Editor in 0.00 ms.
Unloading 2233 Unused Serialized files (Serialized files now loaded: 0)
System memory in use before: 101.6 MB.
System memory in use after: 101.8 MB.

Unloading 17 unused Assets to reduce memory usage. Loaded Objects now: 2756.
Total: 3.901700 ms (FindLiveObjects: 0.279500 ms CreateObjectMapping: 0.189600 ms MarkObjects: 3.392700 ms  DeleteObjects: 0.038400 ms)

AssetImportParameters requested are different than current active one (requested -> active):
  custom:framework-win-MediaFoundation: 216162199b28c13a410421893ffa2e32 -> 
  custom:video-decoder-ogg-theora: a1e56fd34408186e4bbccfd4996cb3dc -> 
  custom:container-muxer-webm: aa71ff27fc2769a1b78a27578f13a17b -> 
  custom:container-demuxer-webm: 4f35f7cbe854078d1ac9338744f61a02 -> 
  custom:container-demuxer-ogg: 62fdf1f143b41e24485cea50d1cbac27 -> 
  custom:video-encoder-webm-vp8: eb34c28f22e8b96e1ab97ce403110664 -> 
  custom:video-decoder-webm-vp8: 9c59270c3fd7afecdb556c50c9e8de78 -> 
  custom:audio-decoder-ogg-vorbis: bf7c407c2cedff20999df2af8eb42d56 -> 
  custom:audio-encoder-webm-vorbis: bf7c407c2cedff20999df2af8eb42d56 -> 
========================================================================
Received Prepare
Registering precompiled user dll's ...
Registered in 0.005565 seconds.
Begin MonoManager ReloadAssembly
Native extension for WindowsStandalone target not found
Refreshing native plugins compatible for Editor in 0.67 ms, found 3 plugins.
Preloading 0 native plugins for Editor in 0.00 ms.
Mono: successfully reloaded assembly
- Completed reload, in  1.424 seconds
Domain Reload Profiling:
	ReloadAssembly (1424ms)
		BeginReloadAssembly (142ms)
			ExecutionOrderSort (0ms)
			DisableScriptedObjects (8ms)
			BackupInstance (0ms)
			ReleaseScriptingObjects (0ms)
			CreateAndSetChildDomain (46ms)
		EndReloadAssembly (1200ms)
			LoadAssemblies (147ms)
			RebuildTransferFunctionScriptingTraits (0ms)
			SetupTypeCache (427ms)
			ReleaseScriptCaches (2ms)
			RebuildScriptCaches (73ms)
			SetupLoadedEditorAssemblies (383ms)
				LogAssemblyErrors (0ms)
				InitializePlatformSupportModulesInManaged (6ms)
				SetLoadedEditorAssemblies (1ms)
				RefreshPlugins (1ms)
				BeforeProcessingInitializeOnLoad (80ms)
				ProcessInitializeOnLoadAttributes (273ms)
				ProcessInitializeOnLoadMethodAttributes (15ms)
				AfterProcessingInitializeOnLoad (7ms)
				EditorAssembliesLoaded (0ms)
			ExecutionOrderSort2 (0ms)
			AwakeInstancesAfterBackupRestoration (12ms)
Platform modules already initialized, skipping
Refreshing native plugins compatible for Editor in 0.65 ms, found 3 plugins.
Preloading 0 native plugins for Editor in 0.00 ms.
Unloading 2233 Unused Serialized files (Serialized files now loaded: 0)
System memory in use before: 101.6 MB.
System memory in use after: 101.8 MB.

Unloading 17 unused Assets to reduce memory usage. Loaded Objects now: 2758.
Total: 4.598600 ms (FindLiveObjects: 0.309600 ms CreateObjectMapping: 0.236900 ms MarkObjects: 4.024000 ms  DeleteObjects: 0.026100 ms)

AssetImportParameters requested are different than current active one (requested -> active):
  custom:framework-win-MediaFoundation: 216162199b28c13a410421893ffa2e32 -> 
  custom:video-decoder-ogg-theora: a1e56fd34408186e4bbccfd4996cb3dc -> 
  custom:container-muxer-webm: aa71ff27fc2769a1b78a27578f13a17b -> 
  custom:container-demuxer-webm: 4f35f7cbe854078d1ac9338744f61a02 -> 
  custom:container-demuxer-ogg: 62fdf1f143b41e24485cea50d1cbac27 -> 
  custom:video-encoder-webm-vp8: eb34c28f22e8b96e1ab97ce403110664 -> 
  custom:video-decoder-webm-vp8: 9c59270c3fd7afecdb556c50c9e8de78 -> 
  custom:audio-decoder-ogg-vorbis: bf7c407c2cedff20999df2af8eb42d56 -> 
  custom:audio-encoder-webm-vorbis: bf7c407c2cedff20999df2af8eb42d56 -> 
========================================================================
Received Prepare
Registering precompiled user dll's ...
Registered in 0.005576 seconds.
Begin MonoManager ReloadAssembly
Native extension for WindowsStandalone target not found
Refreshing native plugins compatible for Editor in 0.58 ms, found 3 plugins.
Preloading 0 native plugins for Editor in 0.00 ms.
Mono: successfully reloaded assembly
- Completed reload, in  1.438 seconds
Domain Reload Profiling:
	ReloadAssembly (1439ms)
		BeginReloadAssembly (145ms)
			ExecutionOrderSort (0ms)
			DisableScriptedObjects (9ms)
			BackupInstance (0ms)
			ReleaseScriptingObjects (0ms)
			CreateAndSetChildDomain (50ms)
		EndReloadAssembly (1202ms)
			LoadAssemblies (116ms)
			RebuildTransferFunctionScriptingTraits (0ms)
			SetupTypeCache (451ms)
			ReleaseScriptCaches (1ms)
			RebuildScriptCaches (64ms)
			SetupLoadedEditorAssemblies (408ms)
				LogAssemblyErrors (0ms)
				InitializePlatformSupportModulesInManaged (5ms)
				SetLoadedEditorAssemblies (1ms)
				RefreshPlugins (1ms)
				BeforeProcessingInitializeOnLoad (79ms)
				ProcessInitializeOnLoadAttributes (300ms)
				ProcessInitializeOnLoadMethodAttributes (16ms)
				AfterProcessingInitializeOnLoad (7ms)
				EditorAssembliesLoaded (0ms)
			ExecutionOrderSort2 (0ms)
			AwakeInstancesAfterBackupRestoration (16ms)
Platform modules already initialized, skipping
Refreshing native plugins compatible for Editor in 3.71 ms, found 3 plugins.
Preloading 0 native plugins for Editor in 0.00 ms.
Unloading 2233 Unused Serialized files (Serialized files now loaded: 0)
System memory in use before: 101.6 MB.
System memory in use after: 101.8 MB.

Unloading 17 unused Assets to reduce memory usage. Loaded Objects now: 2760.
Total: 4.179800 ms (FindLiveObjects: 0.328200 ms CreateObjectMapping: 0.188000 ms MarkObjects: 3.631200 ms  DeleteObjects: 0.031400 ms)

AssetImportParameters requested are different than current active one (requested -> active):
  custom:framework-win-MediaFoundation: 216162199b28c13a410421893ffa2e32 -> 
  custom:video-decoder-ogg-theora: a1e56fd34408186e4bbccfd4996cb3dc -> 
  custom:container-muxer-webm: aa71ff27fc2769a1b78a27578f13a17b -> 
  custom:container-demuxer-webm: 4f35f7cbe854078d1ac9338744f61a02 -> 
  custom:container-demuxer-ogg: 62fdf1f143b41e24485cea50d1cbac27 -> 
  custom:video-encoder-webm-vp8: eb34c28f22e8b96e1ab97ce403110664 -> 
  custom:video-decoder-webm-vp8: 9c59270c3fd7afecdb556c50c9e8de78 -> 
  custom:audio-decoder-ogg-vorbis: bf7c407c2cedff20999df2af8eb42d56 -> 
  custom:audio-encoder-webm-vorbis: bf7c407c2cedff20999df2af8eb42d56 -> 
========================================================================
Received Prepare
Refreshing native plugins compatible for Editor in 5.44 ms, found 3 plugins.
Preloading 0 native plugins for Editor in 0.00 ms.
Unloading 15 Unused Serialized files (Serialized files now loaded: 0)
System memory in use before: 57.8 MB.
System memory in use after: 58.1 MB.

Unloading 15 unused Assets to reduce memory usage. Loaded Objects now: 2760.
Total: 5.486100 ms (FindLiveObjects: 0.278300 ms CreateObjectMapping: 0.158500 ms MarkObjects: 5.018700 ms  DeleteObjects: 0.029000 ms)

AssetImportParameters requested are different than current active one (requested -> active):
  custom:framework-win-MediaFoundation: 216162199b28c13a410421893ffa2e32 -> 
  custom:video-decoder-ogg-theora: a1e56fd34408186e4bbccfd4996cb3dc -> 
  custom:container-muxer-webm: aa71ff27fc2769a1b78a27578f13a17b -> 
  custom:container-demuxer-webm: 4f35f7cbe854078d1ac9338744f61a02 -> 
  custom:container-demuxer-ogg: 62fdf1f143b41e24485cea50d1cbac27 -> 
  custom:video-encoder-webm-vp8: eb34c28f22e8b96e1ab97ce403110664 -> 
  custom:video-decoder-webm-vp8: 9c59270c3fd7afecdb556c50c9e8de78 -> 
  custom:audio-decoder-ogg-vorbis: bf7c407c2cedff20999df2af8eb42d56 -> 
  custom:audio-encoder-webm-vorbis: bf7c407c2cedff20999df2af8eb42d56 -> 
AssetImportWorkerClient::OnTransportError - code=2 error=End of file
